<?xml version="1.0" encoding="UTF-8"?>
<testsuite xmlns:xsi="http://www.w3.org/2001/XMLSchema-instance" xsi:noNamespaceSchemaLocation="https://maven.apache.org/surefire/maven-surefire-plugin/xsd/surefire-test-report-3.0.xsd" version="3.0" name="com.JavaProj.RestaurantManagerImplTest" time="0.139" tests="7" errors="0" skipped="0" failures="0">
  <properties>
[...]
</properties>
  <testcase name="testRemoveRestaurant" classname="com.JavaProj.RestaurantManagerImplTest" time="0.021">
    <system-out><![CDATA[19:00:56.786 [main] INFO org.mongodb.driver.cluster - Cluster created with settings {hosts=[localhost:27017], mode=SINGLE, requiredClusterType=UNKNOWN, serverSelectionTimeout='30000 ms'}
19:00:56.787 [main] DEBUG org.mongodb.driver.cluster - Updating cluster description to  {type=UNKNOWN, servers=[{address=localhost:27017, type=UNKNOWN, state=CONNECTING}]
19:00:56.789 [main] INFO org.mongodb.driver.cluster - Cluster description not yet available. Waiting for 30000 ms before timing out
19:00:56.791 [cluster-ClusterId{value='66f2c618cd420662ec667a33', description='null'}-localhost:27017] INFO org.mongodb.driver.connection - Opened connection [connectionId{localValue:11, serverValue:212}] to localhost:27017
19:00:56.791 [cluster-rtt-ClusterId{value='66f2c618cd420662ec667a33', description='null'}-localhost:27017] INFO org.mongodb.driver.connection - Opened connection [connectionId{localValue:10, serverValue:211}] to localhost:27017
19:00:56.791 [cluster-ClusterId{value='66f2c618cd420662ec667a33', description='null'}-localhost:27017] INFO org.mongodb.driver.cluster - Monitor thread successfully connected to server with description ServerDescription{address=localhost:27017, type=STANDALONE, state=CONNECTED, ok=true, minWireVersion=0, maxWireVersion=21, maxDocumentSize=16777216, logicalSessionTimeoutMinutes=30, roundTripTimeNanos=2439600}
19:00:56.791 [cluster-ClusterId{value='66f2c618cd420662ec667a33', description='null'}-localhost:27017] DEBUG org.mongodb.driver.cluster - Updating cluster description to  {type=STANDALONE, servers=[{address=localhost:27017, type=STANDALONE, roundTripTime=2.4 ms, state=CONNECTED}]
19:00:56.791 [cluster-ClusterId{value='66f2c618cd420662ec667a33', description='null'}-localhost:27017] DEBUG org.mongodb.driver.cluster - Checking status of localhost:27017
19:00:56.795 [main] INFO org.mongodb.driver.connection - Opened connection [connectionId{localValue:12, serverValue:213}] to localhost:27017
19:00:56.795 [main] DEBUG org.mongodb.driver.operation - retryWrites set to true but the server is a standalone server.
19:00:56.796 [main] DEBUG org.mongodb.driver.protocol.command - Sending command '{"insert": "restaurants", "ordered": true, "$db": "RestaurantReservationSystem", "lsid": {"id": {"$binary": {"base64": "UMWBaz2wQo2LIvRB6a4NzQ==", "subType": "04"}}}, "documents": [{"_id": "R1", "name": "The Grill", "address": "123 Main St", "capacity": 100, "open_time": "11:00", "close_time": "23:00"}]}' with request id 27 to database RestaurantReservationSystem on connection [connectionId{localValue:12, serverValue:213}] to server localhost:27017
19:00:56.797 [main] DEBUG org.mongodb.driver.protocol.command - Execution of command with request id 27 completed successfully in 1.96 ms on connection [connectionId{localValue:12, serverValue:213}] to server localhost:27017
19:00:56.798 [main] DEBUG org.mongodb.driver.operation - retryWrites set to true but the server is a standalone server.
19:00:56.799 [main] DEBUG org.mongodb.driver.protocol.command - Sending command '{"delete": "restaurants", "ordered": true, "$db": "RestaurantReservationSystem", "lsid": {"id": {"$binary": {"base64": "UMWBaz2wQo2LIvRB6a4NzQ==", "subType": "04"}}}, "deletes": [{"q": {"_id": "R1"}, "limit": 1}]}' with request id 28 to database RestaurantReservationSystem on connection [connectionId{localValue:12, serverValue:213}] to server localhost:27017
19:00:56.801 [main] DEBUG org.mongodb.driver.protocol.command - Execution of command with request id 28 completed successfully in 1.73 ms on connection [connectionId{localValue:12, serverValue:213}] to server localhost:27017
19:00:56.802 [main] DEBUG org.mongodb.driver.operation - retryWrites set to true but the server is a standalone server.
19:00:56.803 [main] DEBUG org.mongodb.driver.protocol.command - Sending command '{"delete": "restaurants", "ordered": true, "$db": "RestaurantReservationSystem", "lsid": {"id": {"$binary": {"base64": "UMWBaz2wQo2LIvRB6a4NzQ==", "subType": "04"}}}, "deletes": [{"q": {}, "limit": 0}]}' with request id 29 to database RestaurantReservationSystem on connection [connectionId{localValue:12, serverValue:213}] to server localhost:27017
19:00:56.805 [main] DEBUG org.mongodb.driver.protocol.command - Execution of command with request id 29 completed successfully in 1.84 ms on connection [connectionId{localValue:12, serverValue:213}] to server localhost:27017
]]></system-out>
  </testcase>
  <testcase name="testValidateParametersInvalidCapacity" classname="com.JavaProj.RestaurantManagerImplTest" time="0.014">
    <system-out><![CDATA[19:00:56.808 [main] INFO org.mongodb.driver.cluster - Cluster created with settings {hosts=[localhost:27017], mode=SINGLE, requiredClusterType=UNKNOWN, serverSelectionTimeout='30000 ms'}
19:00:56.809 [main] DEBUG org.mongodb.driver.cluster - Updating cluster description to  {type=UNKNOWN, servers=[{address=localhost:27017, type=UNKNOWN, state=CONNECTING}]
19:00:56.812 [main] INFO org.mongodb.driver.cluster - Cluster description not yet available. Waiting for 30000 ms before timing out
19:00:56.813 [cluster-ClusterId{value='66f2c618cd420662ec667a34', description='null'}-localhost:27017] INFO org.mongodb.driver.connection - Opened connection [connectionId{localValue:13, serverValue:214}] to localhost:27017
19:00:56.813 [cluster-rtt-ClusterId{value='66f2c618cd420662ec667a34', description='null'}-localhost:27017] INFO org.mongodb.driver.connection - Opened connection [connectionId{localValue:14, serverValue:215}] to localhost:27017
19:00:56.813 [cluster-ClusterId{value='66f2c618cd420662ec667a34', description='null'}-localhost:27017] INFO org.mongodb.driver.cluster - Monitor thread successfully connected to server with description ServerDescription{address=localhost:27017, type=STANDALONE, state=CONNECTED, ok=true, minWireVersion=0, maxWireVersion=21, maxDocumentSize=16777216, logicalSessionTimeoutMinutes=30, roundTripTimeNanos=2361000}
19:00:56.813 [cluster-ClusterId{value='66f2c618cd420662ec667a34', description='null'}-localhost:27017] DEBUG org.mongodb.driver.cluster - Updating cluster description to  {type=STANDALONE, servers=[{address=localhost:27017, type=STANDALONE, roundTripTime=2.4 ms, state=CONNECTED}]
19:00:56.814 [cluster-ClusterId{value='66f2c618cd420662ec667a34', description='null'}-localhost:27017] DEBUG org.mongodb.driver.cluster - Checking status of localhost:27017
19:00:56.818 [main] INFO org.mongodb.driver.connection - Opened connection [connectionId{localValue:15, serverValue:216}] to localhost:27017
19:00:56.819 [main] DEBUG org.mongodb.driver.operation - retryWrites set to true but the server is a standalone server.
19:00:56.819 [main] DEBUG org.mongodb.driver.protocol.command - Sending command '{"delete": "restaurants", "ordered": true, "$db": "RestaurantReservationSystem", "lsid": {"id": {"$binary": {"base64": "FcxhGGJtR7KuAiV2EToA1A==", "subType": "04"}}}, "deletes": [{"q": {}, "limit": 0}]}' with request id 34 to database RestaurantReservationSystem on connection [connectionId{localValue:15, serverValue:216}] to server localhost:27017
19:00:56.821 [main] DEBUG org.mongodb.driver.protocol.command - Execution of command with request id 34 completed successfully in 1.25 ms on connection [connectionId{localValue:15, serverValue:216}] to server localhost:27017
]]></system-out>
  </testcase>
  <testcase name="testAddRestaurantValidInputs" classname="com.JavaProj.RestaurantManagerImplTest" time="0.016">
    <system-out><![CDATA[19:00:56.823 [main] INFO org.mongodb.driver.cluster - Cluster created with settings {hosts=[localhost:27017], mode=SINGLE, requiredClusterType=UNKNOWN, serverSelectionTimeout='30000 ms'}
19:00:56.824 [main] DEBUG org.mongodb.driver.cluster - Updating cluster description to  {type=UNKNOWN, servers=[{address=localhost:27017, type=UNKNOWN, state=CONNECTING}]
19:00:56.824 [main] INFO org.mongodb.driver.cluster - Cluster description not yet available. Waiting for 30000 ms before timing out
19:00:56.828 [cluster-rtt-ClusterId{value='66f2c618cd420662ec667a35', description='null'}-localhost:27017] INFO org.mongodb.driver.connection - Opened connection [connectionId{localValue:16, serverValue:217}] to localhost:27017
19:00:56.828 [cluster-ClusterId{value='66f2c618cd420662ec667a35', description='null'}-localhost:27017] INFO org.mongodb.driver.connection - Opened connection [connectionId{localValue:17, serverValue:218}] to localhost:27017
19:00:56.828 [cluster-ClusterId{value='66f2c618cd420662ec667a35', description='null'}-localhost:27017] INFO org.mongodb.driver.cluster - Monitor thread successfully connected to server with description ServerDescription{address=localhost:27017, type=STANDALONE, state=CONNECTED, ok=true, minWireVersion=0, maxWireVersion=21, maxDocumentSize=16777216, logicalSessionTimeoutMinutes=30, roundTripTimeNanos=2360300}
19:00:56.828 [cluster-ClusterId{value='66f2c618cd420662ec667a35', description='null'}-localhost:27017] DEBUG org.mongodb.driver.cluster - Updating cluster description to  {type=STANDALONE, servers=[{address=localhost:27017, type=STANDALONE, roundTripTime=2.4 ms, state=CONNECTED}]
19:00:56.829 [cluster-ClusterId{value='66f2c618cd420662ec667a35', description='null'}-localhost:27017] DEBUG org.mongodb.driver.cluster - Checking status of localhost:27017
19:00:56.832 [main] INFO org.mongodb.driver.connection - Opened connection [connectionId{localValue:18, serverValue:219}] to localhost:27017
19:00:56.832 [main] DEBUG org.mongodb.driver.operation - retryWrites set to true but the server is a standalone server.
19:00:56.833 [main] DEBUG org.mongodb.driver.protocol.command - Sending command '{"insert": "restaurants", "ordered": true, "$db": "RestaurantReservationSystem", "lsid": {"id": {"$binary": {"base64": "wtDwTbB9QJSIOxkLuid7Zw==", "subType": "04"}}}, "documents": [{"_id": "R1", "name": "Sunset Diner", "address": "789 Oak St", "capacity": 50, "open_time": "09:00", "close_time": "17:00"}]}' with request id 39 to database RestaurantReservationSystem on connection [connectionId{localValue:18, serverValue:219}] to server localhost:27017
19:00:56.834 [main] DEBUG org.mongodb.driver.protocol.command - Execution of command with request id 39 completed successfully in 1.64 ms on connection [connectionId{localValue:18, serverValue:219}] to server localhost:27017
19:00:56.835 [main] DEBUG org.mongodb.driver.operation - retryWrites set to true but the server is a standalone server.
19:00:56.836 [main] DEBUG org.mongodb.driver.protocol.command - Sending command '{"delete": "restaurants", "ordered": true, "$db": "RestaurantReservationSystem", "lsid": {"id": {"$binary": {"base64": "wtDwTbB9QJSIOxkLuid7Zw==", "subType": "04"}}}, "deletes": [{"q": {}, "limit": 0}]}' with request id 40 to database RestaurantReservationSystem on connection [connectionId{localValue:18, serverValue:219}] to server localhost:27017
19:00:56.837 [main] DEBUG org.mongodb.driver.protocol.command - Execution of command with request id 40 completed successfully in 1.68 ms on connection [connectionId{localValue:18, serverValue:219}] to server localhost:27017
]]></system-out>
  </testcase>
  <testcase name="testAddRestaurant" classname="com.JavaProj.RestaurantManagerImplTest" time="0.015">
    <system-out><![CDATA[19:00:56.840 [main] INFO org.mongodb.driver.cluster - Cluster created with settings {hosts=[localhost:27017], mode=SINGLE, requiredClusterType=UNKNOWN, serverSelectionTimeout='30000 ms'}
19:00:56.840 [main] DEBUG org.mongodb.driver.cluster - Updating cluster description to  {type=UNKNOWN, servers=[{address=localhost:27017, type=UNKNOWN, state=CONNECTING}]
19:00:56.841 [main] INFO org.mongodb.driver.cluster - Cluster description not yet available. Waiting for 30000 ms before timing out
19:00:56.843 [cluster-rtt-ClusterId{value='66f2c618cd420662ec667a36', description='null'}-localhost:27017] INFO org.mongodb.driver.connection - Opened connection [connectionId{localValue:20, serverValue:220}] to localhost:27017
19:00:56.843 [cluster-ClusterId{value='66f2c618cd420662ec667a36', description='null'}-localhost:27017] INFO org.mongodb.driver.connection - Opened connection [connectionId{localValue:19, serverValue:221}] to localhost:27017
19:00:56.844 [cluster-ClusterId{value='66f2c618cd420662ec667a36', description='null'}-localhost:27017] INFO org.mongodb.driver.cluster - Monitor thread successfully connected to server with description ServerDescription{address=localhost:27017, type=STANDALONE, state=CONNECTED, ok=true, minWireVersion=0, maxWireVersion=21, maxDocumentSize=16777216, logicalSessionTimeoutMinutes=30, roundTripTimeNanos=1981800}
19:00:56.844 [cluster-ClusterId{value='66f2c618cd420662ec667a36', description='null'}-localhost:27017] DEBUG org.mongodb.driver.cluster - Updating cluster description to  {type=STANDALONE, servers=[{address=localhost:27017, type=STANDALONE, roundTripTime=2.0 ms, state=CONNECTED}]
19:00:56.844 [cluster-ClusterId{value='66f2c618cd420662ec667a36', description='null'}-localhost:27017] DEBUG org.mongodb.driver.cluster - Checking status of localhost:27017
19:00:56.848 [main] INFO org.mongodb.driver.connection - Opened connection [connectionId{localValue:21, serverValue:222}] to localhost:27017
19:00:56.848 [main] DEBUG org.mongodb.driver.operation - retryWrites set to true but the server is a standalone server.
19:00:56.849 [main] DEBUG org.mongodb.driver.protocol.command - Sending command '{"insert": "restaurants", "ordered": true, "$db": "RestaurantReservationSystem", "lsid": {"id": {"$binary": {"base64": "2PpSVKRQRUWwyuDW0np6TQ==", "subType": "04"}}}, "documents": [{"_id": "R1", "name": "The Grill", "address": "123 Main St", "capacity": 100, "open_time": "11:00", "close_time": "23:00"}]}' with request id 45 to database RestaurantReservationSystem on connection [connectionId{localValue:21, serverValue:222}] to server localhost:27017
19:00:56.851 [main] DEBUG org.mongodb.driver.protocol.command - Execution of command with request id 45 completed successfully in 1.95 ms on connection [connectionId{localValue:21, serverValue:222}] to server localhost:27017
19:00:56.852 [main] DEBUG org.mongodb.driver.operation - retryWrites set to true but the server is a standalone server.
19:00:56.853 [main] DEBUG org.mongodb.driver.protocol.command - Sending command '{"delete": "restaurants", "ordered": true, "$db": "RestaurantReservationSystem", "lsid": {"id": {"$binary": {"base64": "2PpSVKRQRUWwyuDW0np6TQ==", "subType": "04"}}}, "deletes": [{"q": {}, "limit": 0}]}' with request id 46 to database RestaurantReservationSystem on connection [connectionId{localValue:21, serverValue:222}] to server localhost:27017
19:00:56.854 [main] DEBUG org.mongodb.driver.protocol.command - Execution of command with request id 46 completed successfully in 1.65 ms on connection [connectionId{localValue:21, serverValue:222}] to server localhost:27017
]]></system-out>
  </testcase>
  <testcase name="testValidateParametersInvalidClosureDate" classname="com.JavaProj.RestaurantManagerImplTest" time="0.02">
    <system-out><![CDATA[19:00:56.858 [main] INFO org.mongodb.driver.cluster - Cluster created with settings {hosts=[localhost:27017], mode=SINGLE, requiredClusterType=UNKNOWN, serverSelectionTimeout='30000 ms'}
19:00:56.859 [main] DEBUG org.mongodb.driver.cluster - Updating cluster description to  {type=UNKNOWN, servers=[{address=localhost:27017, type=UNKNOWN, state=CONNECTING}]
19:00:56.860 [main] INFO org.mongodb.driver.cluster - Cluster description not yet available. Waiting for 30000 ms before timing out
19:00:56.867 [cluster-rtt-ClusterId{value='66f2c618cd420662ec667a37', description='null'}-localhost:27017] INFO org.mongodb.driver.connection - Opened connection [connectionId{localValue:22, serverValue:223}] to localhost:27017
19:00:56.867 [cluster-ClusterId{value='66f2c618cd420662ec667a37', description='null'}-localhost:27017] INFO org.mongodb.driver.connection - Opened connection [connectionId{localValue:23, serverValue:224}] to localhost:27017
19:00:56.867 [cluster-ClusterId{value='66f2c618cd420662ec667a37', description='null'}-localhost:27017] INFO org.mongodb.driver.cluster - Monitor thread successfully connected to server with description ServerDescription{address=localhost:27017, type=STANDALONE, state=CONNECTED, ok=true, minWireVersion=0, maxWireVersion=21, maxDocumentSize=16777216, logicalSessionTimeoutMinutes=30, roundTripTimeNanos=2167900}
19:00:56.868 [cluster-ClusterId{value='66f2c618cd420662ec667a37', description='null'}-localhost:27017] DEBUG org.mongodb.driver.cluster - Updating cluster description to  {type=STANDALONE, servers=[{address=localhost:27017, type=STANDALONE, roundTripTime=2.2 ms, state=CONNECTED}]
19:00:56.868 [cluster-ClusterId{value='66f2c618cd420662ec667a37', description='null'}-localhost:27017] DEBUG org.mongodb.driver.cluster - Checking status of localhost:27017
19:00:56.872 [main] INFO org.mongodb.driver.connection - Opened connection [connectionId{localValue:24, serverValue:225}] to localhost:27017
19:00:56.872 [main] DEBUG org.mongodb.driver.operation - retryWrites set to true but the server is a standalone server.
19:00:56.873 [main] DEBUG org.mongodb.driver.protocol.command - Sending command '{"delete": "restaurants", "ordered": true, "$db": "RestaurantReservationSystem", "lsid": {"id": {"$binary": {"base64": "Q10QX6ESRJuKpR1tfC6cfw==", "subType": "04"}}}, "deletes": [{"q": {}, "limit": 0}]}' with request id 51 to database RestaurantReservationSystem on connection [connectionId{localValue:24, serverValue:225}] to server localhost:27017
19:00:56.875 [main] DEBUG org.mongodb.driver.protocol.command - Execution of command with request id 51 completed successfully in 1.72 ms on connection [connectionId{localValue:24, serverValue:225}] to server localhost:27017
]]></system-out>
  </testcase>
  <testcase name="testModifyRestaurant" classname="com.JavaProj.RestaurantManagerImplTest" time="0.029">
    <system-out><![CDATA[19:00:56.877 [main] INFO org.mongodb.driver.cluster - Cluster created with settings {hosts=[localhost:27017], mode=SINGLE, requiredClusterType=UNKNOWN, serverSelectionTimeout='30000 ms'}
19:00:56.878 [main] DEBUG org.mongodb.driver.cluster - Updating cluster description to  {type=UNKNOWN, servers=[{address=localhost:27017, type=UNKNOWN, state=CONNECTING}]
19:00:56.879 [main] INFO org.mongodb.driver.cluster - Cluster description not yet available. Waiting for 30000 ms before timing out
19:00:56.884 [cluster-rtt-ClusterId{value='66f2c618cd420662ec667a38', description='null'}-localhost:27017] INFO org.mongodb.driver.connection - Opened connection [connectionId{localValue:26, serverValue:226}] to localhost:27017
19:00:56.884 [cluster-ClusterId{value='66f2c618cd420662ec667a38', description='null'}-localhost:27017] INFO org.mongodb.driver.connection - Opened connection [connectionId{localValue:25, serverValue:227}] to localhost:27017
19:00:56.885 [cluster-ClusterId{value='66f2c618cd420662ec667a38', description='null'}-localhost:27017] INFO org.mongodb.driver.cluster - Monitor thread successfully connected to server with description ServerDescription{address=localhost:27017, type=STANDALONE, state=CONNECTED, ok=true, minWireVersion=0, maxWireVersion=21, maxDocumentSize=16777216, logicalSessionTimeoutMinutes=30, roundTripTimeNanos=4307900}
19:00:56.885 [cluster-ClusterId{value='66f2c618cd420662ec667a38', description='null'}-localhost:27017] DEBUG org.mongodb.driver.cluster - Updating cluster description to  {type=STANDALONE, servers=[{address=localhost:27017, type=STANDALONE, roundTripTime=4.3 ms, state=CONNECTED}]
19:00:56.885 [cluster-ClusterId{value='66f2c618cd420662ec667a38', description='null'}-localhost:27017] DEBUG org.mongodb.driver.cluster - Checking status of localhost:27017
19:00:56.892 [main] INFO org.mongodb.driver.connection - Opened connection [connectionId{localValue:27, serverValue:228}] to localhost:27017
19:00:56.892 [main] DEBUG org.mongodb.driver.operation - retryWrites set to true but the server is a standalone server.
19:00:56.894 [main] DEBUG org.mongodb.driver.protocol.command - Sending command '{"insert": "restaurants", "ordered": true, "$db": "RestaurantReservationSystem", "lsid": {"id": {"$binary": {"base64": "ZQifxflqRLmbmD6bXA9XMw==", "subType": "04"}}}, "documents": [{"_id": "R1", "name": "The Grill", "address": "123 Main St", "capacity": 100, "open_time": "11:00", "close_time": "23:00"}]}' with request id 56 to database RestaurantReservationSystem on connection [connectionId{localValue:27, serverValue:228}] to server localhost:27017
19:00:56.895 [main] DEBUG org.mongodb.driver.protocol.command - Execution of command with request id 56 completed successfully in 1.89 ms on connection [connectionId{localValue:27, serverValue:228}] to server localhost:27017
19:00:56.895 [main] DEBUG org.mongodb.driver.operation - retryWrites set to true but the server is a standalone server.
19:00:56.896 [main] DEBUG org.mongodb.driver.protocol.command - Sending command '{"delete": "restaurants", "ordered": true, "$db": "RestaurantReservationSystem", "lsid": {"id": {"$binary": {"base64": "ZQifxflqRLmbmD6bXA9XMw==", "subType": "04"}}}, "deletes": [{"q": {"_id": "R1"}, "limit": 1}]}' with request id 57 to database RestaurantReservationSystem on connection [connectionId{localValue:27, serverValue:228}] to server localhost:27017
19:00:56.897 [main] DEBUG org.mongodb.driver.protocol.command - Execution of command with request id 57 completed successfully in 1.60 ms on connection [connectionId{localValue:27, serverValue:228}] to server localhost:27017
19:00:56.898 [main] DEBUG org.mongodb.driver.operation - retryWrites set to true but the server is a standalone server.
19:00:56.900 [main] DEBUG org.mongodb.driver.protocol.command - Sending command '{"insert": "restaurants", "ordered": true, "$db": "RestaurantReservationSystem", "lsid": {"id": {"$binary": {"base64": "ZQifxflqRLmbmD6bXA9XMw==", "subType": "04"}}}, "documents": [{"_id": "R1", "name": "The New Grill", "address": "456 Elm St", "capacity": 150, "open_time": "10:00", "close_time": "22:00"}]}' with request id 58 to database RestaurantReservationSystem on connection [connectionId{localValue:27, serverValue:228}] to server localhost:27017
19:00:56.901 [main] DEBUG org.mongodb.driver.protocol.command - Execution of command with request id 58 completed successfully in 1.49 ms on connection [connectionId{localValue:27, serverValue:228}] to server localhost:27017
19:00:56.901 [main] DEBUG org.mongodb.driver.operation - retryWrites set to true but the server is a standalone server.
19:00:56.902 [main] DEBUG org.mongodb.driver.protocol.command - Sending command '{"delete": "restaurants", "ordered": true, "$db": "RestaurantReservationSystem", "lsid": {"id": {"$binary": {"base64": "ZQifxflqRLmbmD6bXA9XMw==", "subType": "04"}}}, "deletes": [{"q": {}, "limit": 0}]}' with request id 59 to database RestaurantReservationSystem on connection [connectionId{localValue:27, serverValue:228}] to server localhost:27017
19:00:56.903 [main] DEBUG org.mongodb.driver.protocol.command - Execution of command with request id 59 completed successfully in 2.23 ms on connection [connectionId{localValue:27, serverValue:228}] to server localhost:27017
]]></system-out>
  </testcase>
  <testcase name="testValidateParametersInvalidOpenCloseTimes" classname="com.JavaProj.RestaurantManagerImplTest" time="0.013">
    <system-out><![CDATA[19:00:56.907 [main] INFO org.mongodb.driver.cluster - Cluster created with settings {hosts=[localhost:27017], mode=SINGLE, requiredClusterType=UNKNOWN, serverSelectionTimeout='30000 ms'}
19:00:56.908 [main] DEBUG org.mongodb.driver.cluster - Updating cluster description to  {type=UNKNOWN, servers=[{address=localhost:27017, type=UNKNOWN, state=CONNECTING}]
19:00:56.910 [main] INFO org.mongodb.driver.cluster - Cluster description not yet available. Waiting for 30000 ms before timing out
19:00:56.912 [cluster-rtt-ClusterId{value='66f2c618cd420662ec667a39', description='null'}-localhost:27017] INFO org.mongodb.driver.connection - Opened connection [connectionId{localValue:29, serverValue:229}] to localhost:27017
19:00:56.912 [cluster-ClusterId{value='66f2c618cd420662ec667a39', description='null'}-localhost:27017] INFO org.mongodb.driver.connection - Opened connection [connectionId{localValue:28, serverValue:230}] to localhost:27017
19:00:56.912 [cluster-ClusterId{value='66f2c618cd420662ec667a39', description='null'}-localhost:27017] INFO org.mongodb.driver.cluster - Monitor thread successfully connected to server with description ServerDescription{address=localhost:27017, type=STANDALONE, state=CONNECTED, ok=true, minWireVersion=0, maxWireVersion=21, maxDocumentSize=16777216, logicalSessionTimeoutMinutes=30, roundTripTimeNanos=2563300}
19:00:56.913 [cluster-ClusterId{value='66f2c618cd420662ec667a39', description='null'}-localhost:27017] DEBUG org.mongodb.driver.cluster - Updating cluster description to  {type=STANDALONE, servers=[{address=localhost:27017, type=STANDALONE, roundTripTime=2.6 ms, state=CONNECTED}]
19:00:56.913 [cluster-ClusterId{value='66f2c618cd420662ec667a39', description='null'}-localhost:27017] DEBUG org.mongodb.driver.cluster - Checking status of localhost:27017
19:00:56.916 [main] INFO org.mongodb.driver.connection - Opened connection [connectionId{localValue:30, serverValue:231}] to localhost:27017
19:00:56.916 [main] DEBUG org.mongodb.driver.operation - retryWrites set to true but the server is a standalone server.
19:00:56.917 [main] DEBUG org.mongodb.driver.protocol.command - Sending command '{"delete": "restaurants", "ordered": true, "$db": "RestaurantReservationSystem", "lsid": {"id": {"$binary": {"base64": "h1Aj5PQ2Q2aZ6UxKlKbmFg==", "subType": "04"}}}, "deletes": [{"q": {}, "limit": 0}]}' with request id 64 to database RestaurantReservationSystem on connection [connectionId{localValue:30, serverValue:231}] to server localhost:27017
19:00:56.919 [main] DEBUG org.mongodb.driver.protocol.command - Execution of command with request id 64 completed successfully in 1.60 ms on connection [connectionId{localValue:30, serverValue:231}] to server localhost:27017
]]></system-out>
  </testcase>
</testsuite>