<?xml version="1.0" encoding="UTF-8"?>
<testsuite xmlns:xsi="http://www.w3.org/2001/XMLSchema-instance" xsi:noNamespaceSchemaLocation="https://maven.apache.org/surefire/maven-surefire-plugin/xsd/surefire-test-report-3.0.xsd" version="3.0" name="com.JavaProj.ReservationSystemImplTest" time="0.393" tests="3" errors="0" skipped="0" failures="0">
  <properties>
[...]
</properties>
  <testcase name="testSaveReservation" classname="com.JavaProj.ReservationSystemImplTest" time="0.332">
    <system-out><![CDATA[19:00:56.578 [main] INFO org.mongodb.driver.cluster - Cluster created with settings {hosts=[localhost:27017], mode=SINGLE, requiredClusterType=UNKNOWN, serverSelectionTimeout='30000 ms'}
19:00:56.604 [main] DEBUG org.mongodb.driver.cluster - Updating cluster description to  {type=UNKNOWN, servers=[{address=localhost:27017, type=UNKNOWN, state=CONNECTING}]
19:00:56.637 [main] INFO org.mongodb.driver.cluster - Cluster description not yet available. Waiting for 30000 ms before timing out
19:00:56.651 [cluster-rtt-ClusterId{value='66f2c618cd420662ec667a30', description='null'}-localhost:27017] INFO org.mongodb.driver.connection - Opened connection [connectionId{localValue:2, serverValue:203}] to localhost:27017
19:00:56.651 [cluster-ClusterId{value='66f2c618cd420662ec667a30', description='null'}-localhost:27017] INFO org.mongodb.driver.connection - Opened connection [connectionId{localValue:1, serverValue:202}] to localhost:27017
19:00:56.651 [cluster-ClusterId{value='66f2c618cd420662ec667a30', description='null'}-localhost:27017] INFO org.mongodb.driver.cluster - Monitor thread successfully connected to server with description ServerDescription{address=localhost:27017, type=STANDALONE, state=CONNECTED, ok=true, minWireVersion=0, maxWireVersion=21, maxDocumentSize=16777216, logicalSessionTimeoutMinutes=30, roundTripTimeNanos=19036400}
19:00:56.653 [cluster-ClusterId{value='66f2c618cd420662ec667a30', description='null'}-localhost:27017] DEBUG org.mongodb.driver.cluster - Updating cluster description to  {type=STANDALONE, servers=[{address=localhost:27017, type=STANDALONE, roundTripTime=19.0 ms, state=CONNECTED}]
19:00:56.653 [cluster-ClusterId{value='66f2c618cd420662ec667a30', description='null'}-localhost:27017] DEBUG org.mongodb.driver.cluster - Checking status of localhost:27017
19:00:56.668 [main] INFO org.mongodb.driver.connection - Opened connection [connectionId{localValue:3, serverValue:204}] to localhost:27017
19:00:56.672 [main] DEBUG org.mongodb.driver.operation - retryWrites set to true but the server is a standalone server.
19:00:56.694 [main] DEBUG org.mongodb.driver.protocol.command - Sending command '{"insert": "reservations", "ordered": true, "$db": "RestaurantReservationSystem", "lsid": {"id": {"$binary": {"base64": "UqwaWaGXQ46hlHxR/iUGuw==", "subType": "04"}}}, "documents": [{"_id": "516e1abc-84c2-4586-be25-f4a412ea1c2d", "restaurant_id": "restaurant1", "name": "John Doe", "email": "john@example.com", "phone": "1234567890", "party_size": 4, "date_time": "2024-09-24T19:00:56.627911100"}]}' with request id 5 to database RestaurantReservationSystem on connection [connectionId{localValue:3, serverValue:204}] to server localhost:27017
19:00:56.697 [main] DEBUG org.mongodb.driver.protocol.command - Execution of command with request id 5 completed successfully in 16.70 ms on connection [connectionId{localValue:3, serverValue:204}] to server localhost:27017
19:00:56.713 [main] DEBUG org.mongodb.driver.protocol.command - Sending command '{"find": "reservations", "filter": {"_id": "516e1abc-84c2-4586-be25-f4a412ea1c2d"}, "limit": 1, "singleBatch": true, "$db": "RestaurantReservationSystem", "lsid": {"id": {"$binary": {"base64": "UqwaWaGXQ46hlHxR/iUGuw==", "subType": "04"}}}}' with request id 6 to database RestaurantReservationSystem on connection [connectionId{localValue:3, serverValue:204}] to server localhost:27017
19:00:56.714 [main] DEBUG org.mongodb.driver.protocol.command - Execution of command with request id 6 completed successfully in 2.85 ms on connection [connectionId{localValue:3, serverValue:204}] to server localhost:27017
19:00:56.726 [main] DEBUG org.mongodb.driver.operation - retryWrites set to true but the server is a standalone server.
19:00:56.727 [main] DEBUG org.mongodb.driver.protocol.command - Sending command '{"delete": "reservations", "ordered": true, "$db": "RestaurantReservationSystem", "lsid": {"id": {"$binary": {"base64": "UqwaWaGXQ46hlHxR/iUGuw==", "subType": "04"}}}, "deletes": [{"q": {}, "limit": 0}]}' with request id 7 to database RestaurantReservationSystem on connection [connectionId{localValue:3, serverValue:204}] to server localhost:27017
19:00:56.728 [main] DEBUG org.mongodb.driver.protocol.command - Execution of command with request id 7 completed successfully in 1.35 ms on connection [connectionId{localValue:3, serverValue:204}] to server localhost:27017
]]></system-out>
  </testcase>
  <testcase name="testDeleteReservation" classname="com.JavaProj.ReservationSystemImplTest" time="0.019">
    <system-out><![CDATA[19:00:56.737 [main] INFO org.mongodb.driver.cluster - Cluster created with settings {hosts=[localhost:27017], mode=SINGLE, requiredClusterType=UNKNOWN, serverSelectionTimeout='30000 ms'}
19:00:56.738 [main] DEBUG org.mongodb.driver.cluster - Updating cluster description to  {type=UNKNOWN, servers=[{address=localhost:27017, type=UNKNOWN, state=CONNECTING}]
19:00:56.739 [main] INFO org.mongodb.driver.cluster - Cluster description not yet available. Waiting for 30000 ms before timing out
19:00:56.742 [cluster-rtt-ClusterId{value='66f2c618cd420662ec667a31', description='null'}-localhost:27017] INFO org.mongodb.driver.connection - Opened connection [connectionId{localValue:5, serverValue:205}] to localhost:27017
19:00:56.742 [cluster-ClusterId{value='66f2c618cd420662ec667a31', description='null'}-localhost:27017] INFO org.mongodb.driver.connection - Opened connection [connectionId{localValue:4, serverValue:206}] to localhost:27017
19:00:56.742 [cluster-ClusterId{value='66f2c618cd420662ec667a31', description='null'}-localhost:27017] INFO org.mongodb.driver.cluster - Monitor thread successfully connected to server with description ServerDescription{address=localhost:27017, type=STANDALONE, state=CONNECTED, ok=true, minWireVersion=0, maxWireVersion=21, maxDocumentSize=16777216, logicalSessionTimeoutMinutes=30, roundTripTimeNanos=2448000}
19:00:56.742 [cluster-ClusterId{value='66f2c618cd420662ec667a31', description='null'}-localhost:27017] DEBUG org.mongodb.driver.cluster - Updating cluster description to  {type=STANDALONE, servers=[{address=localhost:27017, type=STANDALONE, roundTripTime=2.4 ms, state=CONNECTED}]
19:00:56.742 [cluster-ClusterId{value='66f2c618cd420662ec667a31', description='null'}-localhost:27017] DEBUG org.mongodb.driver.cluster - Checking status of localhost:27017
19:00:56.745 [main] INFO org.mongodb.driver.connection - Opened connection [connectionId{localValue:6, serverValue:207}] to localhost:27017
19:00:56.745 [main] DEBUG org.mongodb.driver.operation - retryWrites set to true but the server is a standalone server.
19:00:56.746 [main] DEBUG org.mongodb.driver.protocol.command - Sending command '{"insert": "reservations", "ordered": true, "$db": "RestaurantReservationSystem", "lsid": {"id": {"$binary": {"base64": "6XaWLaCuQhe3gkBfO3k6Yw==", "subType": "04"}}}, "documents": [{"_id": "5a8a4337-847c-44f2-a914-83062121bba2", "restaurant_id": "restaurant3", "name": "Jim Beam", "email": "jim@example.com", "phone": "1112223333", "party_size": 3, "date_time": "2024-09-24T19:00:56.739190100"}]}' with request id 12 to database RestaurantReservationSystem on connection [connectionId{localValue:6, serverValue:207}] to server localhost:27017
19:00:56.747 [main] DEBUG org.mongodb.driver.protocol.command - Execution of command with request id 12 completed successfully in 1.35 ms on connection [connectionId{localValue:6, serverValue:207}] to server localhost:27017
19:00:56.747 [main] DEBUG org.mongodb.driver.operation - retryWrites set to true but the server is a standalone server.
19:00:56.748 [main] DEBUG org.mongodb.driver.protocol.command - Sending command '{"delete": "reservations", "ordered": true, "$db": "RestaurantReservationSystem", "lsid": {"id": {"$binary": {"base64": "6XaWLaCuQhe3gkBfO3k6Yw==", "subType": "04"}}}, "deletes": [{"q": {"_id": "5a8a4337-847c-44f2-a914-83062121bba2"}, "limit": 1}]}' with request id 13 to database RestaurantReservationSystem on connection [connectionId{localValue:6, serverValue:207}] to server localhost:27017
19:00:56.749 [main] DEBUG org.mongodb.driver.protocol.command - Execution of command with request id 13 completed successfully in 1.52 ms on connection [connectionId{localValue:6, serverValue:207}] to server localhost:27017
19:00:56.750 [main] DEBUG org.mongodb.driver.protocol.command - Sending command '{"find": "reservations", "filter": {"_id": "5a8a4337-847c-44f2-a914-83062121bba2"}, "limit": 1, "singleBatch": true, "$db": "RestaurantReservationSystem", "lsid": {"id": {"$binary": {"base64": "6XaWLaCuQhe3gkBfO3k6Yw==", "subType": "04"}}}}' with request id 14 to database RestaurantReservationSystem on connection [connectionId{localValue:6, serverValue:207}] to server localhost:27017
19:00:56.751 [main] DEBUG org.mongodb.driver.protocol.command - Execution of command with request id 14 completed successfully in 1.23 ms on connection [connectionId{localValue:6, serverValue:207}] to server localhost:27017
19:00:56.753 [main] DEBUG org.mongodb.driver.operation - retryWrites set to true but the server is a standalone server.
19:00:56.753 [main] DEBUG org.mongodb.driver.protocol.command - Sending command '{"delete": "reservations", "ordered": true, "$db": "RestaurantReservationSystem", "lsid": {"id": {"$binary": {"base64": "6XaWLaCuQhe3gkBfO3k6Yw==", "subType": "04"}}}, "deletes": [{"q": {}, "limit": 0}]}' with request id 15 to database RestaurantReservationSystem on connection [connectionId{localValue:6, serverValue:207}] to server localhost:27017
19:00:56.754 [main] DEBUG org.mongodb.driver.protocol.command - Execution of command with request id 15 completed successfully in 1.34 ms on connection [connectionId{localValue:6, serverValue:207}] to server localhost:27017
]]></system-out>
  </testcase>
  <testcase name="testGetReservationById" classname="com.JavaProj.ReservationSystemImplTest" time="0.017">
    <system-out><![CDATA[19:00:56.756 [main] INFO org.mongodb.driver.cluster - Cluster created with settings {hosts=[localhost:27017], mode=SINGLE, requiredClusterType=UNKNOWN, serverSelectionTimeout='30000 ms'}
19:00:56.757 [main] DEBUG org.mongodb.driver.cluster - Updating cluster description to  {type=UNKNOWN, servers=[{address=localhost:27017, type=UNKNOWN, state=CONNECTING}]
19:00:56.758 [main] INFO org.mongodb.driver.cluster - Cluster description not yet available. Waiting for 30000 ms before timing out
19:00:56.760 [cluster-ClusterId{value='66f2c618cd420662ec667a32', description='null'}-localhost:27017] INFO org.mongodb.driver.connection - Opened connection [connectionId{localValue:8, serverValue:209}] to localhost:27017
19:00:56.760 [cluster-rtt-ClusterId{value='66f2c618cd420662ec667a32', description='null'}-localhost:27017] INFO org.mongodb.driver.connection - Opened connection [connectionId{localValue:7, serverValue:208}] to localhost:27017
19:00:56.761 [cluster-ClusterId{value='66f2c618cd420662ec667a32', description='null'}-localhost:27017] INFO org.mongodb.driver.cluster - Monitor thread successfully connected to server with description ServerDescription{address=localhost:27017, type=STANDALONE, state=CONNECTED, ok=true, minWireVersion=0, maxWireVersion=21, maxDocumentSize=16777216, logicalSessionTimeoutMinutes=30, roundTripTimeNanos=1996900}
19:00:56.761 [cluster-ClusterId{value='66f2c618cd420662ec667a32', description='null'}-localhost:27017] DEBUG org.mongodb.driver.cluster - Updating cluster description to  {type=STANDALONE, servers=[{address=localhost:27017, type=STANDALONE, roundTripTime=2.0 ms, state=CONNECTED}]
19:00:56.761 [cluster-ClusterId{value='66f2c618cd420662ec667a32', description='null'}-localhost:27017] DEBUG org.mongodb.driver.cluster - Checking status of localhost:27017
19:00:56.764 [main] INFO org.mongodb.driver.connection - Opened connection [connectionId{localValue:9, serverValue:210}] to localhost:27017
19:00:56.765 [main] DEBUG org.mongodb.driver.operation - retryWrites set to true but the server is a standalone server.
19:00:56.766 [main] DEBUG org.mongodb.driver.protocol.command - Sending command '{"insert": "reservations", "ordered": true, "$db": "RestaurantReservationSystem", "lsid": {"id": {"$binary": {"base64": "nQJF4SXuQCeu9J+AYJ6MJw==", "subType": "04"}}}, "documents": [{"_id": "1a630586-a2be-4bc7-9ae8-e5ccc97df3ff", "restaurant_id": "restaurant2", "name": "Jane Doe", "email": "jane@example.com", "phone": "0987654321", "party_size": 2, "date_time": "2024-09-24T19:00:56.758190900"}]}' with request id 20 to database RestaurantReservationSystem on connection [connectionId{localValue:9, serverValue:210}] to server localhost:27017
19:00:56.767 [main] DEBUG org.mongodb.driver.protocol.command - Execution of command with request id 20 completed successfully in 2.12 ms on connection [connectionId{localValue:9, serverValue:210}] to server localhost:27017
19:00:56.768 [main] DEBUG org.mongodb.driver.protocol.command - Sending command '{"find": "reservations", "filter": {"_id": "1a630586-a2be-4bc7-9ae8-e5ccc97df3ff"}, "limit": 1, "singleBatch": true, "$db": "RestaurantReservationSystem", "lsid": {"id": {"$binary": {"base64": "nQJF4SXuQCeu9J+AYJ6MJw==", "subType": "04"}}}}' with request id 21 to database RestaurantReservationSystem on connection [connectionId{localValue:9, serverValue:210}] to server localhost:27017
19:00:56.769 [main] DEBUG org.mongodb.driver.protocol.command - Execution of command with request id 21 completed successfully in 1.20 ms on connection [connectionId{localValue:9, serverValue:210}] to server localhost:27017
19:00:56.770 [main] DEBUG org.mongodb.driver.operation - retryWrites set to true but the server is a standalone server.
19:00:56.772 [main] DEBUG org.mongodb.driver.protocol.command - Sending command '{"delete": "reservations", "ordered": true, "$db": "RestaurantReservationSystem", "lsid": {"id": {"$binary": {"base64": "nQJF4SXuQCeu9J+AYJ6MJw==", "subType": "04"}}}, "deletes": [{"q": {}, "limit": 0}]}' with request id 22 to database RestaurantReservationSystem on connection [connectionId{localValue:9, serverValue:210}] to server localhost:27017
19:00:56.773 [main] DEBUG org.mongodb.driver.protocol.command - Execution of command with request id 22 completed successfully in 1.85 ms on connection [connectionId{localValue:9, serverValue:210}] to server localhost:27017
]]></system-out>
  </testcase>
</testsuite>